\BOOKMARK [0][-]{chapter*.2}{\376\377\000W\000e\000l\000c\000o\000m\000e}{}% 1
\BOOKMARK [1][-]{section*.3}{\376\377\000C\000o\000u\000r\000s\000e\000\040\000N\000o\000t\000e\000s}{chapter*.2}% 2
\BOOKMARK [1][-]{section*.4}{\376\377\000H\000o\000w\000\040\000t\000h\000i\000s\000\040\000C\000o\000u\000r\000s\000e\000\040\000i\000s\000\040\000B\000u\000i\000l\000t}{chapter*.2}% 3
\BOOKMARK [0][-]{chapter.1}{\376\377\000T\000h\000o\000u\000g\000h\000t\000\040\000a\000n\000d\000\040\000L\000a\000n\000g\000u\000a\000g\000e}{}% 4
\BOOKMARK [1][-]{section*.8}{\376\377\000O\000v\000e\000r\000v\000i\000e\000w}{chapter.1}% 5
\BOOKMARK [1][-]{section.1.1}{\376\377\000W\000h\000a\000t\000\040\000i\000s\000\040\000P\000s\000y\000c\000h\000o\000l\000o\000g\000y}{chapter.1}% 6
\BOOKMARK [1][-]{section.1.2}{\376\377\000T\000h\000i\000n\000k\000i\000n\000g\000\040\000a\000n\000d\000\040\000P\000r\000o\000b\000l\000e\000m\000\040\000S\000o\000l\000v\000i\000n\000g}{chapter.1}% 7
\BOOKMARK [1][-]{section.1.3}{\376\377\000C\000o\000g\000n\000i\000t\000i\000v\000e\000\040\000B\000i\000a\000s\000e\000s}{chapter.1}% 8
\BOOKMARK [1][-]{section.1.4}{\376\377\000L\000a\000n\000g\000u\000a\000g\000e\000\040\000a\000n\000d\000\040\000T\000h\000o\000u\000g\000h\000t}{chapter.1}% 9
\BOOKMARK [1][-]{section.1.5}{\376\377\000A\000n\000i\000m\000a\000l\000\040\000L\000a\000n\000g\000u\000a\000g\000e}{chapter.1}% 10
\BOOKMARK [1][-]{section*.33}{\376\377\000A\000s\000s\000e\000s\000s\000m\000e\000n\000t}{chapter.1}% 11
\BOOKMARK [1][-]{section*.34}{\376\377\000C\000h\000e\000c\000k\000i\000n\000g\000\040\000y\000o\000u\000r\000\040\000L\000e\000a\000r\000n\000i\000n\000g}{chapter.1}% 12
\BOOKMARK [0][-]{chapter.2}{\376\377\000I\000n\000t\000e\000l\000l\000i\000g\000e\000n\000c\000e\000\040\000T\000e\000s\000t\000i\000n\000g}{}% 13
\BOOKMARK [1][-]{section*.35}{\376\377\000O\000v\000e\000r\000v\000i\000e\000w}{chapter.2}% 14
\BOOKMARK [1][-]{section.2.1}{\376\377\000W\000h\000a\000t\000\040\000i\000s\000\040\000I\000n\000t\000e\000l\000l\000i\000g\000e\000n\000c\000e\000?}{chapter.2}% 15
\BOOKMARK [1][-]{section.2.2}{\376\377\000S\000t\000e\000r\000n\000b\000e\000r\000g\000'\000s\000\040\000T\000h\000r\000e\000e\000\040\000C\000o\000m\000p\000o\000n\000e\000n\000t\000s\000\040\000o\000f\000\040\000I\000n\000t\000e\000l\000l\000i\000g\000e\000n\000c\000e}{chapter.2}% 16
\BOOKMARK [1][-]{section.2.3}{\376\377\000G\000a\000r\000d\000n\000e\000r\000'\000s\000\040\000E\000i\000g\000h\000t\000\040\000T\000y\000p\000e\000s\000\040\000o\000f\000\040\000I\000n\000t\000e\000l\000l\000i\000g\000e\000n\000c\000e}{chapter.2}% 17
\BOOKMARK [1][-]{section.2.4}{\376\377\000E\000x\000t\000r\000e\000m\000e\000s\000\040\000o\000f\000\040\000I\000n\000t\000e\000l\000l\000i\000g\000e\000n\000c\000e}{chapter.2}% 18
\BOOKMARK [1][-]{section.2.5}{\376\377\000N\000a\000t\000u\000r\000e\000-\000N\000a\000t\000u\000r\000e\000\040\000a\000n\000d\000\040\000I\000Q}{chapter.2}% 19
\BOOKMARK [1][-]{section.2.6}{\376\377\000W\000h\000a\000t\000\040\000W\000i\000l\000l\000\040\000Y\000o\000u\000\040\000D\000o\000?}{chapter.2}% 20
\BOOKMARK [1][-]{section.2.7}{\376\377\000T\000e\000s\000t\000\040\000B\000i\000a\000s\000e\000s\000?}{chapter.2}% 21
\BOOKMARK [1][-]{section*.55}{\376\377\000A\000s\000s\000e\000s\000s\000m\000e\000n\000t}{chapter.2}% 22
\BOOKMARK [1][-]{section*.56}{\376\377\000C\000h\000e\000c\000k\000i\000n\000g\000\040\000y\000o\000u\000r\000\040\000L\000e\000a\000r\000n\000i\000n\000g}{chapter.2}% 23
\BOOKMARK [0][-]{chapter.3}{\376\377\000T\000h\000e\000\040\000D\000e\000v\000e\000l\000o\000p\000i\000n\000g\000\040\000P\000e\000r\000s\000o\000n\000\040\000-\000\040\000P\000a\000r\000t\000\040\0001}{}% 24
\BOOKMARK [1][-]{section*.57}{\376\377\000O\000v\000e\000r\000v\000i\000e\000w}{chapter.3}% 25
\BOOKMARK [1][-]{section.3.1}{\376\377\000P\000r\000e\000n\000a\000t\000a\000l\000\040\000D\000e\000v\000e\000l\000o\000p\000m\000e\000n\000t}{chapter.3}% 26
\BOOKMARK [1][-]{section.3.2}{\376\377\000I\000n\000f\000a\000n\000c\000y\000\040\000a\000n\000d\000\040\000C\000h\000i\000l\000d\000h\000o\000o\000d}{chapter.3}% 27
\BOOKMARK [1][-]{section.3.3}{\376\377\000A\000d\000o\000l\000e\000s\000c\000e\000n\000c\000e}{chapter.3}% 28
